[2023-10-18 10:46:48.201 +05:30  WRN]  Error unprotecting the session cookie.
System.Security.Cryptography.CryptographicException: The payload was invalid. For more information go to http://aka.ms/dataprotectionwarning
   at Microsoft.AspNetCore.DataProtection.Cng.CbcAuthenticatedEncryptor.DecryptImpl(Byte* pbCiphertext, UInt32 cbCiphertext, Byte* pbAdditionalAuthenticatedData, UInt32 cbAdditionalAuthenticatedData)
   at Microsoft.AspNetCore.DataProtection.Cng.Internal.CngAuthenticatedEncryptorBase.Decrypt(ArraySegment`1 ciphertext, ArraySegment`1 additionalAuthenticatedData)
   at Microsoft.AspNetCore.DataProtection.KeyManagement.KeyRingBasedDataProtector.UnprotectCore(Byte[] protectedData, Boolean allowOperationsOnRevokedKeys, UnprotectStatus& status)
   at Microsoft.AspNetCore.DataProtection.KeyManagement.KeyRingBasedDataProtector.Unprotect(Byte[] protectedData)
   at Microsoft.AspNetCore.Session.CookieProtection.Unprotect(IDataProtector protector, String protectedText, ILogger logger)
[2023-10-18 10:46:53.752 +05:30  WRN]  Error unprotecting the session cookie.
System.Security.Cryptography.CryptographicException: The payload was invalid. For more information go to http://aka.ms/dataprotectionwarning
   at Microsoft.AspNetCore.DataProtection.Cng.CbcAuthenticatedEncryptor.DecryptImpl(Byte* pbCiphertext, UInt32 cbCiphertext, Byte* pbAdditionalAuthenticatedData, UInt32 cbAdditionalAuthenticatedData)
   at Microsoft.AspNetCore.DataProtection.Cng.Internal.CngAuthenticatedEncryptorBase.Decrypt(ArraySegment`1 ciphertext, ArraySegment`1 additionalAuthenticatedData)
   at Microsoft.AspNetCore.DataProtection.KeyManagement.KeyRingBasedDataProtector.UnprotectCore(Byte[] protectedData, Boolean allowOperationsOnRevokedKeys, UnprotectStatus& status)
   at Microsoft.AspNetCore.DataProtection.KeyManagement.KeyRingBasedDataProtector.Unprotect(Byte[] protectedData)
   at Microsoft.AspNetCore.Session.CookieProtection.Unprotect(IDataProtector protector, String protectedText, ILogger logger)
[2023-10-18 10:47:17.958 +05:30  WRN]  Error unprotecting the session cookie.
System.Security.Cryptography.CryptographicException: The payload was invalid. For more information go to http://aka.ms/dataprotectionwarning
   at Microsoft.AspNetCore.DataProtection.Cng.CbcAuthenticatedEncryptor.DecryptImpl(Byte* pbCiphertext, UInt32 cbCiphertext, Byte* pbAdditionalAuthenticatedData, UInt32 cbAdditionalAuthenticatedData)
   at Microsoft.AspNetCore.DataProtection.Cng.Internal.CngAuthenticatedEncryptorBase.Decrypt(ArraySegment`1 ciphertext, ArraySegment`1 additionalAuthenticatedData)
   at Microsoft.AspNetCore.DataProtection.KeyManagement.KeyRingBasedDataProtector.UnprotectCore(Byte[] protectedData, Boolean allowOperationsOnRevokedKeys, UnprotectStatus& status)
   at Microsoft.AspNetCore.DataProtection.KeyManagement.KeyRingBasedDataProtector.Unprotect(Byte[] protectedData)
   at Microsoft.AspNetCore.Session.CookieProtection.Unprotect(IDataProtector protector, String protectedText, ILogger logger)
[2023-10-18 12:15:54.457 +05:30  WRN]  Error unprotecting the session cookie.
System.Security.Cryptography.CryptographicException: The payload was invalid. For more information go to http://aka.ms/dataprotectionwarning
   at Microsoft.AspNetCore.DataProtection.Cng.CbcAuthenticatedEncryptor.DecryptImpl(Byte* pbCiphertext, UInt32 cbCiphertext, Byte* pbAdditionalAuthenticatedData, UInt32 cbAdditionalAuthenticatedData)
   at Microsoft.AspNetCore.DataProtection.Cng.Internal.CngAuthenticatedEncryptorBase.Decrypt(ArraySegment`1 ciphertext, ArraySegment`1 additionalAuthenticatedData)
   at Microsoft.AspNetCore.DataProtection.KeyManagement.KeyRingBasedDataProtector.UnprotectCore(Byte[] protectedData, Boolean allowOperationsOnRevokedKeys, UnprotectStatus& status)
   at Microsoft.AspNetCore.DataProtection.KeyManagement.KeyRingBasedDataProtector.Unprotect(Byte[] protectedData)
   at Microsoft.AspNetCore.Session.CookieProtection.Unprotect(IDataProtector protector, String protectedText, ILogger logger)
[2023-10-18 12:15:55.174 +05:30  WRN]  Error unprotecting the session cookie.
System.Security.Cryptography.CryptographicException: The payload was invalid. For more information go to http://aka.ms/dataprotectionwarning
   at Microsoft.AspNetCore.DataProtection.Cng.CbcAuthenticatedEncryptor.DecryptImpl(Byte* pbCiphertext, UInt32 cbCiphertext, Byte* pbAdditionalAuthenticatedData, UInt32 cbAdditionalAuthenticatedData)
   at Microsoft.AspNetCore.DataProtection.Cng.Internal.CngAuthenticatedEncryptorBase.Decrypt(ArraySegment`1 ciphertext, ArraySegment`1 additionalAuthenticatedData)
   at Microsoft.AspNetCore.DataProtection.KeyManagement.KeyRingBasedDataProtector.UnprotectCore(Byte[] protectedData, Boolean allowOperationsOnRevokedKeys, UnprotectStatus& status)
   at Microsoft.AspNetCore.DataProtection.KeyManagement.KeyRingBasedDataProtector.Unprotect(Byte[] protectedData)
   at Microsoft.AspNetCore.Session.CookieProtection.Unprotect(IDataProtector protector, String protectedText, ILogger logger)
[2023-10-18 12:16:00.222 +05:30  WRN]  Error unprotecting the session cookie.
System.Security.Cryptography.CryptographicException: The payload was invalid. For more information go to http://aka.ms/dataprotectionwarning
   at Microsoft.AspNetCore.DataProtection.Cng.CbcAuthenticatedEncryptor.DecryptImpl(Byte* pbCiphertext, UInt32 cbCiphertext, Byte* pbAdditionalAuthenticatedData, UInt32 cbAdditionalAuthenticatedData)
   at Microsoft.AspNetCore.DataProtection.Cng.Internal.CngAuthenticatedEncryptorBase.Decrypt(ArraySegment`1 ciphertext, ArraySegment`1 additionalAuthenticatedData)
   at Microsoft.AspNetCore.DataProtection.KeyManagement.KeyRingBasedDataProtector.UnprotectCore(Byte[] protectedData, Boolean allowOperationsOnRevokedKeys, UnprotectStatus& status)
   at Microsoft.AspNetCore.DataProtection.KeyManagement.KeyRingBasedDataProtector.Unprotect(Byte[] protectedData)
   at Microsoft.AspNetCore.Session.CookieProtection.Unprotect(IDataProtector protector, String protectedText, ILogger logger)
[2023-10-18 12:16:15.881 +05:30  WRN]  The temp data cookie .AspNetCore.Mvc.CookieTempDataProvider could not be loaded.
System.Security.Cryptography.CryptographicException: The payload was invalid. For more information go to http://aka.ms/dataprotectionwarning
   at Microsoft.AspNetCore.DataProtection.Cng.CbcAuthenticatedEncryptor.DecryptImpl(Byte* pbCiphertext, UInt32 cbCiphertext, Byte* pbAdditionalAuthenticatedData, UInt32 cbAdditionalAuthenticatedData)
   at Microsoft.AspNetCore.DataProtection.Cng.Internal.CngAuthenticatedEncryptorBase.Decrypt(ArraySegment`1 ciphertext, ArraySegment`1 additionalAuthenticatedData)
   at Microsoft.AspNetCore.DataProtection.KeyManagement.KeyRingBasedDataProtector.UnprotectCore(Byte[] protectedData, Boolean allowOperationsOnRevokedKeys, UnprotectStatus& status)
   at Microsoft.AspNetCore.DataProtection.KeyManagement.KeyRingBasedDataProtector.Unprotect(Byte[] protectedData)
   at Microsoft.AspNetCore.Mvc.ViewFeatures.CookieTempDataProvider.LoadTempData(HttpContext context)
[2023-10-18 18:31:56.471 +05:30  ERR]  The view 'ValuationFeesManage' was not found. Searched locations: ["/Views/ValuationFees/ValuationFeesManage.en-US.en-US.cshtml","/Views/ValuationFees/ValuationFeesManage.en.en-US.cshtml","/Views/ValuationFees/ValuationFeesManage.en-US.cshtml","/Views/ValuationFees/ValuationFeesManage.en-US.en.cshtml","/Views/ValuationFees/ValuationFeesManage.en.en.cshtml","/Views/ValuationFees/ValuationFeesManage.en.cshtml","/Views/ValuationFees/ValuationFeesManage.en-US.cshtml","/Views/ValuationFees/ValuationFeesManage.en.cshtml","/Views/ValuationFees/ValuationFeesManage.cshtml","/Views/Shared/ValuationFeesManage.en-US.en-US.cshtml","/Views/Shared/ValuationFeesManage.en.en-US.cshtml","/Views/Shared/ValuationFeesManage.en-US.cshtml","/Views/Shared/ValuationFeesManage.en-US.en.cshtml","/Views/Shared/ValuationFeesManage.en.en.cshtml","/Views/Shared/ValuationFeesManage.en.cshtml","/Views/Shared/ValuationFeesManage.en-US.cshtml","/Views/Shared/ValuationFeesManage.en.cshtml","/Views/Shared/ValuationFeesManage.cshtml","/Pages/Shared/ValuationFeesManage.en-US.en-US.cshtml","/Pages/Shared/ValuationFeesManage.en.en-US.cshtml","/Pages/Shared/ValuationFeesManage.en-US.cshtml","/Pages/Shared/ValuationFeesManage.en-US.en.cshtml","/Pages/Shared/ValuationFeesManage.en.en.cshtml","/Pages/Shared/ValuationFeesManage.en.cshtml","/Pages/Shared/ValuationFeesManage.en-US.cshtml","/Pages/Shared/ValuationFeesManage.en.cshtml","/Pages/Shared/ValuationFeesManage.cshtml"]
[2023-10-18 18:31:56.667 +05:30  ERR]  An unhandled exception has occurred while executing the request.
System.InvalidOperationException: The view 'ValuationFeesManage' was not found. The following locations were searched:
/Views/ValuationFees/ValuationFeesManage.en-US.en-US.cshtml
/Views/ValuationFees/ValuationFeesManage.en.en-US.cshtml
/Views/ValuationFees/ValuationFeesManage.en-US.cshtml
/Views/ValuationFees/ValuationFeesManage.en-US.en.cshtml
/Views/ValuationFees/ValuationFeesManage.en.en.cshtml
/Views/ValuationFees/ValuationFeesManage.en.cshtml
/Views/ValuationFees/ValuationFeesManage.en-US.cshtml
/Views/ValuationFees/ValuationFeesManage.en.cshtml
/Views/ValuationFees/ValuationFeesManage.cshtml
/Views/Shared/ValuationFeesManage.en-US.en-US.cshtml
/Views/Shared/ValuationFeesManage.en.en-US.cshtml
/Views/Shared/ValuationFeesManage.en-US.cshtml
/Views/Shared/ValuationFeesManage.en-US.en.cshtml
/Views/Shared/ValuationFeesManage.en.en.cshtml
/Views/Shared/ValuationFeesManage.en.cshtml
/Views/Shared/ValuationFeesManage.en-US.cshtml
/Views/Shared/ValuationFeesManage.en.cshtml
/Views/Shared/ValuationFeesManage.cshtml
/Pages/Shared/ValuationFeesManage.en-US.en-US.cshtml
/Pages/Shared/ValuationFeesManage.en.en-US.cshtml
/Pages/Shared/ValuationFeesManage.en-US.cshtml
/Pages/Shared/ValuationFeesManage.en-US.en.cshtml
/Pages/Shared/ValuationFeesManage.en.en.cshtml
/Pages/Shared/ValuationFeesManage.en.cshtml
/Pages/Shared/ValuationFeesManage.en-US.cshtml
/Pages/Shared/ValuationFeesManage.en.cshtml
/Pages/Shared/ValuationFeesManage.cshtml
   at Microsoft.AspNetCore.Mvc.ViewEngines.ViewEngineResult.EnsureSuccessful(IEnumerable`1 originalLocations)
   at Microsoft.AspNetCore.Mvc.ViewFeatures.ViewResultExecutor.ExecuteAsync(ActionContext context, ViewResult result)
   at Microsoft.AspNetCore.Mvc.ViewResult.ExecuteResultAsync(ActionContext context)
   at Microsoft.AspNetCore.Mvc.Infrastructure.ResourceInvoker.<InvokeNextResultFilterAsync>g__Awaited|30_0[TFilter,TFilterAsync](ResourceInvoker invoker, Task lastTask, State next, Scope scope, Object state, Boolean isCompleted)
   at Microsoft.AspNetCore.Mvc.Infrastructure.ResourceInvoker.Rethrow(ResultExecutedContextSealed context)
   at Microsoft.AspNetCore.Mvc.Infrastructure.ResourceInvoker.ResultNext[TFilter,TFilterAsync](State& next, Scope& scope, Object& state, Boolean& isCompleted)
   at Microsoft.AspNetCore.Mvc.Infrastructure.ResourceInvoker.InvokeResultFilters()
--- End of stack trace from previous location ---
   at Microsoft.AspNetCore.Mvc.Infrastructure.ResourceInvoker.<InvokeNextResourceFilter>g__Awaited|25_0(ResourceInvoker invoker, Task lastTask, State next, Scope scope, Object state, Boolean isCompleted)
   at Microsoft.AspNetCore.Mvc.Infrastructure.ResourceInvoker.Rethrow(ResourceExecutedContextSealed context)
   at Microsoft.AspNetCore.Mvc.Infrastructure.ResourceInvoker.Next(State& next, Scope& scope, Object& state, Boolean& isCompleted)
   at Microsoft.AspNetCore.Mvc.Infrastructure.ResourceInvoker.InvokeFilterPipelineAsync()
--- End of stack trace from previous location ---
   at Microsoft.AspNetCore.Mvc.Infrastructure.ResourceInvoker.<InvokeAsync>g__Awaited|17_0(ResourceInvoker invoker, Task task, IDisposable scope)
   at Microsoft.AspNetCore.Mvc.Infrastructure.ResourceInvoker.<InvokeAsync>g__Awaited|17_0(ResourceInvoker invoker, Task task, IDisposable scope)
   at Microsoft.AspNetCore.Routing.EndpointMiddleware.<Invoke>g__AwaitRequestTask|6_0(Endpoint endpoint, Task requestTask, ILogger logger)
   at Microsoft.AspNetCore.Authorization.AuthorizationMiddleware.Invoke(HttpContext context)
   at Microsoft.AspNetCore.Authentication.AuthenticationMiddleware.Invoke(HttpContext context)
   at WebEssentials.AspNetCore.OutputCaching.OutputCacheMiddleware.ServeFromMvcAndCacheAsync(HttpContext context)
   at WebEssentials.AspNetCore.OutputCaching.OutputCacheMiddleware.InvokeAsync(HttpContext context)
   at Microsoft.AspNetCore.Session.SessionMiddleware.Invoke(HttpContext context)
   at Microsoft.AspNetCore.Session.SessionMiddleware.Invoke(HttpContext context)
   at Microsoft.AspNetCore.Diagnostics.DeveloperExceptionPageMiddleware.Invoke(HttpContext context)
[2023-10-18 21:25:47.285 +05:30  ERR]  The view 'ValuationFeesManage' was not found. Searched locations: ["/Views/ValuationFees/ValuationFeesManage.en-US.en-US.cshtml","/Views/ValuationFees/ValuationFeesManage.en.en-US.cshtml","/Views/ValuationFees/ValuationFeesManage.en-US.cshtml","/Views/ValuationFees/ValuationFeesManage.en-US.en.cshtml","/Views/ValuationFees/ValuationFeesManage.en.en.cshtml","/Views/ValuationFees/ValuationFeesManage.en.cshtml","/Views/ValuationFees/ValuationFeesManage.en-US.cshtml","/Views/ValuationFees/ValuationFeesManage.en.cshtml","/Views/ValuationFees/ValuationFeesManage.cshtml","/Views/Shared/ValuationFeesManage.en-US.en-US.cshtml","/Views/Shared/ValuationFeesManage.en.en-US.cshtml","/Views/Shared/ValuationFeesManage.en-US.cshtml","/Views/Shared/ValuationFeesManage.en-US.en.cshtml","/Views/Shared/ValuationFeesManage.en.en.cshtml","/Views/Shared/ValuationFeesManage.en.cshtml","/Views/Shared/ValuationFeesManage.en-US.cshtml","/Views/Shared/ValuationFeesManage.en.cshtml","/Views/Shared/ValuationFeesManage.cshtml","/Pages/Shared/ValuationFeesManage.en-US.en-US.cshtml","/Pages/Shared/ValuationFeesManage.en.en-US.cshtml","/Pages/Shared/ValuationFeesManage.en-US.cshtml","/Pages/Shared/ValuationFeesManage.en-US.en.cshtml","/Pages/Shared/ValuationFeesManage.en.en.cshtml","/Pages/Shared/ValuationFeesManage.en.cshtml","/Pages/Shared/ValuationFeesManage.en-US.cshtml","/Pages/Shared/ValuationFeesManage.en.cshtml","/Pages/Shared/ValuationFeesManage.cshtml"]
[2023-10-18 21:25:47.489 +05:30  ERR]  An unhandled exception has occurred while executing the request.
System.InvalidOperationException: The view 'ValuationFeesManage' was not found. The following locations were searched:
/Views/ValuationFees/ValuationFeesManage.en-US.en-US.cshtml
/Views/ValuationFees/ValuationFeesManage.en.en-US.cshtml
/Views/ValuationFees/ValuationFeesManage.en-US.cshtml
/Views/ValuationFees/ValuationFeesManage.en-US.en.cshtml
/Views/ValuationFees/ValuationFeesManage.en.en.cshtml
/Views/ValuationFees/ValuationFeesManage.en.cshtml
/Views/ValuationFees/ValuationFeesManage.en-US.cshtml
/Views/ValuationFees/ValuationFeesManage.en.cshtml
/Views/ValuationFees/ValuationFeesManage.cshtml
/Views/Shared/ValuationFeesManage.en-US.en-US.cshtml
/Views/Shared/ValuationFeesManage.en.en-US.cshtml
/Views/Shared/ValuationFeesManage.en-US.cshtml
/Views/Shared/ValuationFeesManage.en-US.en.cshtml
/Views/Shared/ValuationFeesManage.en.en.cshtml
/Views/Shared/ValuationFeesManage.en.cshtml
/Views/Shared/ValuationFeesManage.en-US.cshtml
/Views/Shared/ValuationFeesManage.en.cshtml
/Views/Shared/ValuationFeesManage.cshtml
/Pages/Shared/ValuationFeesManage.en-US.en-US.cshtml
/Pages/Shared/ValuationFeesManage.en.en-US.cshtml
/Pages/Shared/ValuationFeesManage.en-US.cshtml
/Pages/Shared/ValuationFeesManage.en-US.en.cshtml
/Pages/Shared/ValuationFeesManage.en.en.cshtml
/Pages/Shared/ValuationFeesManage.en.cshtml
/Pages/Shared/ValuationFeesManage.en-US.cshtml
/Pages/Shared/ValuationFeesManage.en.cshtml
/Pages/Shared/ValuationFeesManage.cshtml
   at Microsoft.AspNetCore.Mvc.ViewEngines.ViewEngineResult.EnsureSuccessful(IEnumerable`1 originalLocations)
   at Microsoft.AspNetCore.Mvc.ViewFeatures.ViewResultExecutor.ExecuteAsync(ActionContext context, ViewResult result)
   at Microsoft.AspNetCore.Mvc.ViewResult.ExecuteResultAsync(ActionContext context)
   at Microsoft.AspNetCore.Mvc.Infrastructure.ResourceInvoker.<InvokeNextResultFilterAsync>g__Awaited|30_0[TFilter,TFilterAsync](ResourceInvoker invoker, Task lastTask, State next, Scope scope, Object state, Boolean isCompleted)
   at Microsoft.AspNetCore.Mvc.Infrastructure.ResourceInvoker.Rethrow(ResultExecutedContextSealed context)
   at Microsoft.AspNetCore.Mvc.Infrastructure.ResourceInvoker.ResultNext[TFilter,TFilterAsync](State& next, Scope& scope, Object& state, Boolean& isCompleted)
   at Microsoft.AspNetCore.Mvc.Infrastructure.ResourceInvoker.InvokeResultFilters()
--- End of stack trace from previous location ---
   at Microsoft.AspNetCore.Mvc.Infrastructure.ResourceInvoker.<InvokeNextResourceFilter>g__Awaited|25_0(ResourceInvoker invoker, Task lastTask, State next, Scope scope, Object state, Boolean isCompleted)
   at Microsoft.AspNetCore.Mvc.Infrastructure.ResourceInvoker.Rethrow(ResourceExecutedContextSealed context)
   at Microsoft.AspNetCore.Mvc.Infrastructure.ResourceInvoker.Next(State& next, Scope& scope, Object& state, Boolean& isCompleted)
   at Microsoft.AspNetCore.Mvc.Infrastructure.ResourceInvoker.InvokeFilterPipelineAsync()
--- End of stack trace from previous location ---
   at Microsoft.AspNetCore.Mvc.Infrastructure.ResourceInvoker.<InvokeAsync>g__Awaited|17_0(ResourceInvoker invoker, Task task, IDisposable scope)
   at Microsoft.AspNetCore.Mvc.Infrastructure.ResourceInvoker.<InvokeAsync>g__Awaited|17_0(ResourceInvoker invoker, Task task, IDisposable scope)
   at Microsoft.AspNetCore.Routing.EndpointMiddleware.<Invoke>g__AwaitRequestTask|6_0(Endpoint endpoint, Task requestTask, ILogger logger)
   at Microsoft.AspNetCore.Authorization.AuthorizationMiddleware.Invoke(HttpContext context)
   at Microsoft.AspNetCore.Authentication.AuthenticationMiddleware.Invoke(HttpContext context)
   at WebEssentials.AspNetCore.OutputCaching.OutputCacheMiddleware.ServeFromMvcAndCacheAsync(HttpContext context)
   at WebEssentials.AspNetCore.OutputCaching.OutputCacheMiddleware.InvokeAsync(HttpContext context)
   at Microsoft.AspNetCore.Session.SessionMiddleware.Invoke(HttpContext context)
   at Microsoft.AspNetCore.Session.SessionMiddleware.Invoke(HttpContext context)
   at Microsoft.AspNetCore.Diagnostics.DeveloperExceptionPageMiddleware.Invoke(HttpContext context)
