[2023-10-15 23:40:40.267 +05:30  ERR]  The view 'ForgotPassword' was not found. Searched locations: ["/Views/Account/ForgotPassword.en-US.en-US.cshtml","/Views/Account/ForgotPassword.en.en-US.cshtml","/Views/Account/ForgotPassword.en-US.cshtml","/Views/Account/ForgotPassword.en-US.en.cshtml","/Views/Account/ForgotPassword.en.en.cshtml","/Views/Account/ForgotPassword.en.cshtml","/Views/Account/ForgotPassword.en-US.cshtml","/Views/Account/ForgotPassword.en.cshtml","/Views/Account/ForgotPassword.cshtml","/Views/Shared/ForgotPassword.en-US.en-US.cshtml","/Views/Shared/ForgotPassword.en.en-US.cshtml","/Views/Shared/ForgotPassword.en-US.cshtml","/Views/Shared/ForgotPassword.en-US.en.cshtml","/Views/Shared/ForgotPassword.en.en.cshtml","/Views/Shared/ForgotPassword.en.cshtml","/Views/Shared/ForgotPassword.en-US.cshtml","/Views/Shared/ForgotPassword.en.cshtml","/Views/Shared/ForgotPassword.cshtml","/Pages/Shared/ForgotPassword.en-US.en-US.cshtml","/Pages/Shared/ForgotPassword.en.en-US.cshtml","/Pages/Shared/ForgotPassword.en-US.cshtml","/Pages/Shared/ForgotPassword.en-US.en.cshtml","/Pages/Shared/ForgotPassword.en.en.cshtml","/Pages/Shared/ForgotPassword.en.cshtml","/Pages/Shared/ForgotPassword.en-US.cshtml","/Pages/Shared/ForgotPassword.en.cshtml","/Pages/Shared/ForgotPassword.cshtml"]
[2023-10-15 23:40:40.513 +05:30  ERR]  An unhandled exception has occurred while executing the request.
System.InvalidOperationException: The view 'ForgotPassword' was not found. The following locations were searched:
/Views/Account/ForgotPassword.en-US.en-US.cshtml
/Views/Account/ForgotPassword.en.en-US.cshtml
/Views/Account/ForgotPassword.en-US.cshtml
/Views/Account/ForgotPassword.en-US.en.cshtml
/Views/Account/ForgotPassword.en.en.cshtml
/Views/Account/ForgotPassword.en.cshtml
/Views/Account/ForgotPassword.en-US.cshtml
/Views/Account/ForgotPassword.en.cshtml
/Views/Account/ForgotPassword.cshtml
/Views/Shared/ForgotPassword.en-US.en-US.cshtml
/Views/Shared/ForgotPassword.en.en-US.cshtml
/Views/Shared/ForgotPassword.en-US.cshtml
/Views/Shared/ForgotPassword.en-US.en.cshtml
/Views/Shared/ForgotPassword.en.en.cshtml
/Views/Shared/ForgotPassword.en.cshtml
/Views/Shared/ForgotPassword.en-US.cshtml
/Views/Shared/ForgotPassword.en.cshtml
/Views/Shared/ForgotPassword.cshtml
/Pages/Shared/ForgotPassword.en-US.en-US.cshtml
/Pages/Shared/ForgotPassword.en.en-US.cshtml
/Pages/Shared/ForgotPassword.en-US.cshtml
/Pages/Shared/ForgotPassword.en-US.en.cshtml
/Pages/Shared/ForgotPassword.en.en.cshtml
/Pages/Shared/ForgotPassword.en.cshtml
/Pages/Shared/ForgotPassword.en-US.cshtml
/Pages/Shared/ForgotPassword.en.cshtml
/Pages/Shared/ForgotPassword.cshtml
   at Microsoft.AspNetCore.Mvc.ViewEngines.ViewEngineResult.EnsureSuccessful(IEnumerable`1 originalLocations)
   at Microsoft.AspNetCore.Mvc.ViewFeatures.ViewResultExecutor.ExecuteAsync(ActionContext context, ViewResult result)
   at Microsoft.AspNetCore.Mvc.ViewResult.ExecuteResultAsync(ActionContext context)
   at Microsoft.AspNetCore.Mvc.Infrastructure.ResourceInvoker.<InvokeNextResultFilterAsync>g__Awaited|30_0[TFilter,TFilterAsync](ResourceInvoker invoker, Task lastTask, State next, Scope scope, Object state, Boolean isCompleted)
   at Microsoft.AspNetCore.Mvc.Infrastructure.ResourceInvoker.Rethrow(ResultExecutedContextSealed context)
   at Microsoft.AspNetCore.Mvc.Infrastructure.ResourceInvoker.ResultNext[TFilter,TFilterAsync](State& next, Scope& scope, Object& state, Boolean& isCompleted)
   at Microsoft.AspNetCore.Mvc.Infrastructure.ResourceInvoker.InvokeResultFilters()
--- End of stack trace from previous location ---
   at Microsoft.AspNetCore.Mvc.Infrastructure.ResourceInvoker.<InvokeNextResourceFilter>g__Awaited|25_0(ResourceInvoker invoker, Task lastTask, State next, Scope scope, Object state, Boolean isCompleted)
   at Microsoft.AspNetCore.Mvc.Infrastructure.ResourceInvoker.Rethrow(ResourceExecutedContextSealed context)
   at Microsoft.AspNetCore.Mvc.Infrastructure.ResourceInvoker.Next(State& next, Scope& scope, Object& state, Boolean& isCompleted)
   at Microsoft.AspNetCore.Mvc.Infrastructure.ResourceInvoker.InvokeFilterPipelineAsync()
--- End of stack trace from previous location ---
   at Microsoft.AspNetCore.Mvc.Infrastructure.ResourceInvoker.<InvokeAsync>g__Awaited|17_0(ResourceInvoker invoker, Task task, IDisposable scope)
   at Microsoft.AspNetCore.Mvc.Infrastructure.ResourceInvoker.<InvokeAsync>g__Awaited|17_0(ResourceInvoker invoker, Task task, IDisposable scope)
   at Microsoft.AspNetCore.Routing.EndpointMiddleware.<Invoke>g__AwaitRequestTask|6_0(Endpoint endpoint, Task requestTask, ILogger logger)
   at Microsoft.AspNetCore.Authorization.AuthorizationMiddleware.Invoke(HttpContext context)
   at Microsoft.AspNetCore.Authentication.AuthenticationMiddleware.Invoke(HttpContext context)
   at WebEssentials.AspNetCore.OutputCaching.OutputCacheMiddleware.InvokeAsync(HttpContext context)
   at Microsoft.AspNetCore.Session.SessionMiddleware.Invoke(HttpContext context)
   at Microsoft.AspNetCore.Session.SessionMiddleware.Invoke(HttpContext context)
   at Microsoft.AspNetCore.Diagnostics.DeveloperExceptionPageMiddleware.Invoke(HttpContext context)
[2023-10-15 23:48:35.744 +05:30  ERR]  The view 'ForgotPassword' was not found. Searched locations: ["/Views/Account/ForgotPassword.en-US.en-US.cshtml","/Views/Account/ForgotPassword.en.en-US.cshtml","/Views/Account/ForgotPassword.en-US.cshtml","/Views/Account/ForgotPassword.en-US.en.cshtml","/Views/Account/ForgotPassword.en.en.cshtml","/Views/Account/ForgotPassword.en.cshtml","/Views/Account/ForgotPassword.en-US.cshtml","/Views/Account/ForgotPassword.en.cshtml","/Views/Account/ForgotPassword.cshtml","/Views/Shared/ForgotPassword.en-US.en-US.cshtml","/Views/Shared/ForgotPassword.en.en-US.cshtml","/Views/Shared/ForgotPassword.en-US.cshtml","/Views/Shared/ForgotPassword.en-US.en.cshtml","/Views/Shared/ForgotPassword.en.en.cshtml","/Views/Shared/ForgotPassword.en.cshtml","/Views/Shared/ForgotPassword.en-US.cshtml","/Views/Shared/ForgotPassword.en.cshtml","/Views/Shared/ForgotPassword.cshtml","/Pages/Shared/ForgotPassword.en-US.en-US.cshtml","/Pages/Shared/ForgotPassword.en.en-US.cshtml","/Pages/Shared/ForgotPassword.en-US.cshtml","/Pages/Shared/ForgotPassword.en-US.en.cshtml","/Pages/Shared/ForgotPassword.en.en.cshtml","/Pages/Shared/ForgotPassword.en.cshtml","/Pages/Shared/ForgotPassword.en-US.cshtml","/Pages/Shared/ForgotPassword.en.cshtml","/Pages/Shared/ForgotPassword.cshtml"]
[2023-10-15 23:48:36.081 +05:30  ERR]  An unhandled exception has occurred while executing the request.
System.InvalidOperationException: The view 'ForgotPassword' was not found. The following locations were searched:
/Views/Account/ForgotPassword.en-US.en-US.cshtml
/Views/Account/ForgotPassword.en.en-US.cshtml
/Views/Account/ForgotPassword.en-US.cshtml
/Views/Account/ForgotPassword.en-US.en.cshtml
/Views/Account/ForgotPassword.en.en.cshtml
/Views/Account/ForgotPassword.en.cshtml
/Views/Account/ForgotPassword.en-US.cshtml
/Views/Account/ForgotPassword.en.cshtml
/Views/Account/ForgotPassword.cshtml
/Views/Shared/ForgotPassword.en-US.en-US.cshtml
/Views/Shared/ForgotPassword.en.en-US.cshtml
/Views/Shared/ForgotPassword.en-US.cshtml
/Views/Shared/ForgotPassword.en-US.en.cshtml
/Views/Shared/ForgotPassword.en.en.cshtml
/Views/Shared/ForgotPassword.en.cshtml
/Views/Shared/ForgotPassword.en-US.cshtml
/Views/Shared/ForgotPassword.en.cshtml
/Views/Shared/ForgotPassword.cshtml
/Pages/Shared/ForgotPassword.en-US.en-US.cshtml
/Pages/Shared/ForgotPassword.en.en-US.cshtml
/Pages/Shared/ForgotPassword.en-US.cshtml
/Pages/Shared/ForgotPassword.en-US.en.cshtml
/Pages/Shared/ForgotPassword.en.en.cshtml
/Pages/Shared/ForgotPassword.en.cshtml
/Pages/Shared/ForgotPassword.en-US.cshtml
/Pages/Shared/ForgotPassword.en.cshtml
/Pages/Shared/ForgotPassword.cshtml
   at Microsoft.AspNetCore.Mvc.ViewEngines.ViewEngineResult.EnsureSuccessful(IEnumerable`1 originalLocations)
   at Microsoft.AspNetCore.Mvc.ViewFeatures.ViewResultExecutor.ExecuteAsync(ActionContext context, ViewResult result)
   at Microsoft.AspNetCore.Mvc.ViewResult.ExecuteResultAsync(ActionContext context)
   at Microsoft.AspNetCore.Mvc.Infrastructure.ResourceInvoker.<InvokeNextResultFilterAsync>g__Awaited|30_0[TFilter,TFilterAsync](ResourceInvoker invoker, Task lastTask, State next, Scope scope, Object state, Boolean isCompleted)
   at Microsoft.AspNetCore.Mvc.Infrastructure.ResourceInvoker.Rethrow(ResultExecutedContextSealed context)
   at Microsoft.AspNetCore.Mvc.Infrastructure.ResourceInvoker.ResultNext[TFilter,TFilterAsync](State& next, Scope& scope, Object& state, Boolean& isCompleted)
   at Microsoft.AspNetCore.Mvc.Infrastructure.ResourceInvoker.InvokeResultFilters()
--- End of stack trace from previous location ---
   at Microsoft.AspNetCore.Mvc.Infrastructure.ResourceInvoker.<InvokeNextResourceFilter>g__Awaited|25_0(ResourceInvoker invoker, Task lastTask, State next, Scope scope, Object state, Boolean isCompleted)
   at Microsoft.AspNetCore.Mvc.Infrastructure.ResourceInvoker.Rethrow(ResourceExecutedContextSealed context)
   at Microsoft.AspNetCore.Mvc.Infrastructure.ResourceInvoker.Next(State& next, Scope& scope, Object& state, Boolean& isCompleted)
   at Microsoft.AspNetCore.Mvc.Infrastructure.ResourceInvoker.InvokeFilterPipelineAsync()
--- End of stack trace from previous location ---
   at Microsoft.AspNetCore.Mvc.Infrastructure.ResourceInvoker.<InvokeAsync>g__Awaited|17_0(ResourceInvoker invoker, Task task, IDisposable scope)
   at Microsoft.AspNetCore.Mvc.Infrastructure.ResourceInvoker.<InvokeAsync>g__Awaited|17_0(ResourceInvoker invoker, Task task, IDisposable scope)
   at Microsoft.AspNetCore.Routing.EndpointMiddleware.<Invoke>g__AwaitRequestTask|6_0(Endpoint endpoint, Task requestTask, ILogger logger)
   at Microsoft.AspNetCore.Authorization.AuthorizationMiddleware.Invoke(HttpContext context)
   at Microsoft.AspNetCore.Authentication.AuthenticationMiddleware.Invoke(HttpContext context)
   at WebEssentials.AspNetCore.OutputCaching.OutputCacheMiddleware.InvokeAsync(HttpContext context)
   at Microsoft.AspNetCore.Session.SessionMiddleware.Invoke(HttpContext context)
   at Microsoft.AspNetCore.Session.SessionMiddleware.Invoke(HttpContext context)
   at Microsoft.AspNetCore.Diagnostics.DeveloperExceptionPageMiddleware.Invoke(HttpContext context)
[2023-10-15 23:55:56.478 +05:30  ERR]  The view 'ForgotPassword' was not found. Searched locations: ["/Views/Account/ForgotPassword.en-US.en-US.cshtml","/Views/Account/ForgotPassword.en.en-US.cshtml","/Views/Account/ForgotPassword.en-US.cshtml","/Views/Account/ForgotPassword.en-US.en.cshtml","/Views/Account/ForgotPassword.en.en.cshtml","/Views/Account/ForgotPassword.en.cshtml","/Views/Account/ForgotPassword.en-US.cshtml","/Views/Account/ForgotPassword.en.cshtml","/Views/Account/ForgotPassword.cshtml","/Views/Shared/ForgotPassword.en-US.en-US.cshtml","/Views/Shared/ForgotPassword.en.en-US.cshtml","/Views/Shared/ForgotPassword.en-US.cshtml","/Views/Shared/ForgotPassword.en-US.en.cshtml","/Views/Shared/ForgotPassword.en.en.cshtml","/Views/Shared/ForgotPassword.en.cshtml","/Views/Shared/ForgotPassword.en-US.cshtml","/Views/Shared/ForgotPassword.en.cshtml","/Views/Shared/ForgotPassword.cshtml","/Pages/Shared/ForgotPassword.en-US.en-US.cshtml","/Pages/Shared/ForgotPassword.en.en-US.cshtml","/Pages/Shared/ForgotPassword.en-US.cshtml","/Pages/Shared/ForgotPassword.en-US.en.cshtml","/Pages/Shared/ForgotPassword.en.en.cshtml","/Pages/Shared/ForgotPassword.en.cshtml","/Pages/Shared/ForgotPassword.en-US.cshtml","/Pages/Shared/ForgotPassword.en.cshtml","/Pages/Shared/ForgotPassword.cshtml"]
[2023-10-15 23:55:56.612 +05:30  ERR]  An unhandled exception has occurred while executing the request.
System.InvalidOperationException: The view 'ForgotPassword' was not found. The following locations were searched:
/Views/Account/ForgotPassword.en-US.en-US.cshtml
/Views/Account/ForgotPassword.en.en-US.cshtml
/Views/Account/ForgotPassword.en-US.cshtml
/Views/Account/ForgotPassword.en-US.en.cshtml
/Views/Account/ForgotPassword.en.en.cshtml
/Views/Account/ForgotPassword.en.cshtml
/Views/Account/ForgotPassword.en-US.cshtml
/Views/Account/ForgotPassword.en.cshtml
/Views/Account/ForgotPassword.cshtml
/Views/Shared/ForgotPassword.en-US.en-US.cshtml
/Views/Shared/ForgotPassword.en.en-US.cshtml
/Views/Shared/ForgotPassword.en-US.cshtml
/Views/Shared/ForgotPassword.en-US.en.cshtml
/Views/Shared/ForgotPassword.en.en.cshtml
/Views/Shared/ForgotPassword.en.cshtml
/Views/Shared/ForgotPassword.en-US.cshtml
/Views/Shared/ForgotPassword.en.cshtml
/Views/Shared/ForgotPassword.cshtml
/Pages/Shared/ForgotPassword.en-US.en-US.cshtml
/Pages/Shared/ForgotPassword.en.en-US.cshtml
/Pages/Shared/ForgotPassword.en-US.cshtml
/Pages/Shared/ForgotPassword.en-US.en.cshtml
/Pages/Shared/ForgotPassword.en.en.cshtml
/Pages/Shared/ForgotPassword.en.cshtml
/Pages/Shared/ForgotPassword.en-US.cshtml
/Pages/Shared/ForgotPassword.en.cshtml
/Pages/Shared/ForgotPassword.cshtml
   at Microsoft.AspNetCore.Mvc.ViewEngines.ViewEngineResult.EnsureSuccessful(IEnumerable`1 originalLocations)
   at Microsoft.AspNetCore.Mvc.ViewFeatures.ViewResultExecutor.ExecuteAsync(ActionContext context, ViewResult result)
   at Microsoft.AspNetCore.Mvc.ViewResult.ExecuteResultAsync(ActionContext context)
   at Microsoft.AspNetCore.Mvc.Infrastructure.ResourceInvoker.<InvokeNextResultFilterAsync>g__Awaited|30_0[TFilter,TFilterAsync](ResourceInvoker invoker, Task lastTask, State next, Scope scope, Object state, Boolean isCompleted)
   at Microsoft.AspNetCore.Mvc.Infrastructure.ResourceInvoker.Rethrow(ResultExecutedContextSealed context)
   at Microsoft.AspNetCore.Mvc.Infrastructure.ResourceInvoker.ResultNext[TFilter,TFilterAsync](State& next, Scope& scope, Object& state, Boolean& isCompleted)
   at Microsoft.AspNetCore.Mvc.Infrastructure.ResourceInvoker.InvokeResultFilters()
--- End of stack trace from previous location ---
   at Microsoft.AspNetCore.Mvc.Infrastructure.ResourceInvoker.<InvokeNextResourceFilter>g__Awaited|25_0(ResourceInvoker invoker, Task lastTask, State next, Scope scope, Object state, Boolean isCompleted)
   at Microsoft.AspNetCore.Mvc.Infrastructure.ResourceInvoker.Rethrow(ResourceExecutedContextSealed context)
   at Microsoft.AspNetCore.Mvc.Infrastructure.ResourceInvoker.Next(State& next, Scope& scope, Object& state, Boolean& isCompleted)
   at Microsoft.AspNetCore.Mvc.Infrastructure.ResourceInvoker.InvokeFilterPipelineAsync()
--- End of stack trace from previous location ---
   at Microsoft.AspNetCore.Mvc.Infrastructure.ResourceInvoker.<InvokeAsync>g__Awaited|17_0(ResourceInvoker invoker, Task task, IDisposable scope)
   at Microsoft.AspNetCore.Mvc.Infrastructure.ResourceInvoker.<InvokeAsync>g__Awaited|17_0(ResourceInvoker invoker, Task task, IDisposable scope)
   at Microsoft.AspNetCore.Routing.EndpointMiddleware.<Invoke>g__AwaitRequestTask|6_0(Endpoint endpoint, Task requestTask, ILogger logger)
   at Microsoft.AspNetCore.Authorization.AuthorizationMiddleware.Invoke(HttpContext context)
   at Microsoft.AspNetCore.Authentication.AuthenticationMiddleware.Invoke(HttpContext context)
   at WebEssentials.AspNetCore.OutputCaching.OutputCacheMiddleware.InvokeAsync(HttpContext context)
   at Microsoft.AspNetCore.Session.SessionMiddleware.Invoke(HttpContext context)
   at Microsoft.AspNetCore.Session.SessionMiddleware.Invoke(HttpContext context)
   at Microsoft.AspNetCore.Diagnostics.DeveloperExceptionPageMiddleware.Invoke(HttpContext context)
