[2023-10-26 09:40:48.831 +05:30  ERR]  The view 'ValuationFeeManage' was not found. Searched locations: ["/Views/MasterValuationFee/ValuationFeeManage.en-US.en-US.cshtml","/Views/MasterValuationFee/ValuationFeeManage.en.en-US.cshtml","/Views/MasterValuationFee/ValuationFeeManage.en-US.cshtml","/Views/MasterValuationFee/ValuationFeeManage.en-US.en.cshtml","/Views/MasterValuationFee/ValuationFeeManage.en.en.cshtml","/Views/MasterValuationFee/ValuationFeeManage.en.cshtml","/Views/MasterValuationFee/ValuationFeeManage.en-US.cshtml","/Views/MasterValuationFee/ValuationFeeManage.en.cshtml","/Views/MasterValuationFee/ValuationFeeManage.cshtml","/Views/Shared/ValuationFeeManage.en-US.en-US.cshtml","/Views/Shared/ValuationFeeManage.en.en-US.cshtml","/Views/Shared/ValuationFeeManage.en-US.cshtml","/Views/Shared/ValuationFeeManage.en-US.en.cshtml","/Views/Shared/ValuationFeeManage.en.en.cshtml","/Views/Shared/ValuationFeeManage.en.cshtml","/Views/Shared/ValuationFeeManage.en-US.cshtml","/Views/Shared/ValuationFeeManage.en.cshtml","/Views/Shared/ValuationFeeManage.cshtml","/Pages/Shared/ValuationFeeManage.en-US.en-US.cshtml","/Pages/Shared/ValuationFeeManage.en.en-US.cshtml","/Pages/Shared/ValuationFeeManage.en-US.cshtml","/Pages/Shared/ValuationFeeManage.en-US.en.cshtml","/Pages/Shared/ValuationFeeManage.en.en.cshtml","/Pages/Shared/ValuationFeeManage.en.cshtml","/Pages/Shared/ValuationFeeManage.en-US.cshtml","/Pages/Shared/ValuationFeeManage.en.cshtml","/Pages/Shared/ValuationFeeManage.cshtml"]
[2023-10-26 09:40:48.939 +05:30  ERR]  An unhandled exception has occurred while executing the request.
System.InvalidOperationException: The view 'ValuationFeeManage' was not found. The following locations were searched:
/Views/MasterValuationFee/ValuationFeeManage.en-US.en-US.cshtml
/Views/MasterValuationFee/ValuationFeeManage.en.en-US.cshtml
/Views/MasterValuationFee/ValuationFeeManage.en-US.cshtml
/Views/MasterValuationFee/ValuationFeeManage.en-US.en.cshtml
/Views/MasterValuationFee/ValuationFeeManage.en.en.cshtml
/Views/MasterValuationFee/ValuationFeeManage.en.cshtml
/Views/MasterValuationFee/ValuationFeeManage.en-US.cshtml
/Views/MasterValuationFee/ValuationFeeManage.en.cshtml
/Views/MasterValuationFee/ValuationFeeManage.cshtml
/Views/Shared/ValuationFeeManage.en-US.en-US.cshtml
/Views/Shared/ValuationFeeManage.en.en-US.cshtml
/Views/Shared/ValuationFeeManage.en-US.cshtml
/Views/Shared/ValuationFeeManage.en-US.en.cshtml
/Views/Shared/ValuationFeeManage.en.en.cshtml
/Views/Shared/ValuationFeeManage.en.cshtml
/Views/Shared/ValuationFeeManage.en-US.cshtml
/Views/Shared/ValuationFeeManage.en.cshtml
/Views/Shared/ValuationFeeManage.cshtml
/Pages/Shared/ValuationFeeManage.en-US.en-US.cshtml
/Pages/Shared/ValuationFeeManage.en.en-US.cshtml
/Pages/Shared/ValuationFeeManage.en-US.cshtml
/Pages/Shared/ValuationFeeManage.en-US.en.cshtml
/Pages/Shared/ValuationFeeManage.en.en.cshtml
/Pages/Shared/ValuationFeeManage.en.cshtml
/Pages/Shared/ValuationFeeManage.en-US.cshtml
/Pages/Shared/ValuationFeeManage.en.cshtml
/Pages/Shared/ValuationFeeManage.cshtml
   at Microsoft.AspNetCore.Mvc.ViewEngines.ViewEngineResult.EnsureSuccessful(IEnumerable`1 originalLocations)
   at Microsoft.AspNetCore.Mvc.ViewFeatures.ViewResultExecutor.ExecuteAsync(ActionContext context, ViewResult result)
   at Microsoft.AspNetCore.Mvc.ViewResult.ExecuteResultAsync(ActionContext context)
   at Microsoft.AspNetCore.Mvc.Infrastructure.ResourceInvoker.<InvokeNextResultFilterAsync>g__Awaited|30_0[TFilter,TFilterAsync](ResourceInvoker invoker, Task lastTask, State next, Scope scope, Object state, Boolean isCompleted)
   at Microsoft.AspNetCore.Mvc.Infrastructure.ResourceInvoker.Rethrow(ResultExecutedContextSealed context)
   at Microsoft.AspNetCore.Mvc.Infrastructure.ResourceInvoker.ResultNext[TFilter,TFilterAsync](State& next, Scope& scope, Object& state, Boolean& isCompleted)
   at Microsoft.AspNetCore.Mvc.Infrastructure.ResourceInvoker.InvokeResultFilters()
--- End of stack trace from previous location ---
   at Microsoft.AspNetCore.Mvc.Infrastructure.ResourceInvoker.<InvokeNextResourceFilter>g__Awaited|25_0(ResourceInvoker invoker, Task lastTask, State next, Scope scope, Object state, Boolean isCompleted)
   at Microsoft.AspNetCore.Mvc.Infrastructure.ResourceInvoker.Rethrow(ResourceExecutedContextSealed context)
   at Microsoft.AspNetCore.Mvc.Infrastructure.ResourceInvoker.Next(State& next, Scope& scope, Object& state, Boolean& isCompleted)
   at Microsoft.AspNetCore.Mvc.Infrastructure.ResourceInvoker.InvokeFilterPipelineAsync()
--- End of stack trace from previous location ---
   at Microsoft.AspNetCore.Mvc.Infrastructure.ResourceInvoker.<InvokeAsync>g__Awaited|17_0(ResourceInvoker invoker, Task task, IDisposable scope)
   at Microsoft.AspNetCore.Mvc.Infrastructure.ResourceInvoker.<InvokeAsync>g__Awaited|17_0(ResourceInvoker invoker, Task task, IDisposable scope)
   at Microsoft.AspNetCore.Routing.EndpointMiddleware.<Invoke>g__AwaitRequestTask|6_0(Endpoint endpoint, Task requestTask, ILogger logger)
   at Microsoft.AspNetCore.Authorization.AuthorizationMiddleware.Invoke(HttpContext context)
   at Microsoft.AspNetCore.Authentication.AuthenticationMiddleware.Invoke(HttpContext context)
   at WebEssentials.AspNetCore.OutputCaching.OutputCacheMiddleware.ServeFromMvcAndCacheAsync(HttpContext context)
   at WebEssentials.AspNetCore.OutputCaching.OutputCacheMiddleware.InvokeAsync(HttpContext context)
   at Microsoft.AspNetCore.Session.SessionMiddleware.Invoke(HttpContext context)
   at Microsoft.AspNetCore.Session.SessionMiddleware.Invoke(HttpContext context)
   at Microsoft.AspNetCore.Diagnostics.DeveloperExceptionPageMiddleware.Invoke(HttpContext context)
[2023-10-26 09:41:46.566 +05:30  ERR]  The view 'ValuationFeeManage' was not found. Searched locations: ["/Views/MasterValuationFee/ValuationFeeManage.en-US.en-US.cshtml","/Views/MasterValuationFee/ValuationFeeManage.en.en-US.cshtml","/Views/MasterValuationFee/ValuationFeeManage.en-US.cshtml","/Views/MasterValuationFee/ValuationFeeManage.en-US.en.cshtml","/Views/MasterValuationFee/ValuationFeeManage.en.en.cshtml","/Views/MasterValuationFee/ValuationFeeManage.en.cshtml","/Views/MasterValuationFee/ValuationFeeManage.en-US.cshtml","/Views/MasterValuationFee/ValuationFeeManage.en.cshtml","/Views/MasterValuationFee/ValuationFeeManage.cshtml","/Views/Shared/ValuationFeeManage.en-US.en-US.cshtml","/Views/Shared/ValuationFeeManage.en.en-US.cshtml","/Views/Shared/ValuationFeeManage.en-US.cshtml","/Views/Shared/ValuationFeeManage.en-US.en.cshtml","/Views/Shared/ValuationFeeManage.en.en.cshtml","/Views/Shared/ValuationFeeManage.en.cshtml","/Views/Shared/ValuationFeeManage.en-US.cshtml","/Views/Shared/ValuationFeeManage.en.cshtml","/Views/Shared/ValuationFeeManage.cshtml","/Pages/Shared/ValuationFeeManage.en-US.en-US.cshtml","/Pages/Shared/ValuationFeeManage.en.en-US.cshtml","/Pages/Shared/ValuationFeeManage.en-US.cshtml","/Pages/Shared/ValuationFeeManage.en-US.en.cshtml","/Pages/Shared/ValuationFeeManage.en.en.cshtml","/Pages/Shared/ValuationFeeManage.en.cshtml","/Pages/Shared/ValuationFeeManage.en-US.cshtml","/Pages/Shared/ValuationFeeManage.en.cshtml","/Pages/Shared/ValuationFeeManage.cshtml"]
[2023-10-26 09:41:46.593 +05:30  ERR]  An unhandled exception has occurred while executing the request.
System.InvalidOperationException: The view 'ValuationFeeManage' was not found. The following locations were searched:
/Views/MasterValuationFee/ValuationFeeManage.en-US.en-US.cshtml
/Views/MasterValuationFee/ValuationFeeManage.en.en-US.cshtml
/Views/MasterValuationFee/ValuationFeeManage.en-US.cshtml
/Views/MasterValuationFee/ValuationFeeManage.en-US.en.cshtml
/Views/MasterValuationFee/ValuationFeeManage.en.en.cshtml
/Views/MasterValuationFee/ValuationFeeManage.en.cshtml
/Views/MasterValuationFee/ValuationFeeManage.en-US.cshtml
/Views/MasterValuationFee/ValuationFeeManage.en.cshtml
/Views/MasterValuationFee/ValuationFeeManage.cshtml
/Views/Shared/ValuationFeeManage.en-US.en-US.cshtml
/Views/Shared/ValuationFeeManage.en.en-US.cshtml
/Views/Shared/ValuationFeeManage.en-US.cshtml
/Views/Shared/ValuationFeeManage.en-US.en.cshtml
/Views/Shared/ValuationFeeManage.en.en.cshtml
/Views/Shared/ValuationFeeManage.en.cshtml
/Views/Shared/ValuationFeeManage.en-US.cshtml
/Views/Shared/ValuationFeeManage.en.cshtml
/Views/Shared/ValuationFeeManage.cshtml
/Pages/Shared/ValuationFeeManage.en-US.en-US.cshtml
/Pages/Shared/ValuationFeeManage.en.en-US.cshtml
/Pages/Shared/ValuationFeeManage.en-US.cshtml
/Pages/Shared/ValuationFeeManage.en-US.en.cshtml
/Pages/Shared/ValuationFeeManage.en.en.cshtml
/Pages/Shared/ValuationFeeManage.en.cshtml
/Pages/Shared/ValuationFeeManage.en-US.cshtml
/Pages/Shared/ValuationFeeManage.en.cshtml
/Pages/Shared/ValuationFeeManage.cshtml
   at Microsoft.AspNetCore.Mvc.ViewEngines.ViewEngineResult.EnsureSuccessful(IEnumerable`1 originalLocations)
   at Microsoft.AspNetCore.Mvc.ViewFeatures.ViewResultExecutor.ExecuteAsync(ActionContext context, ViewResult result)
   at Microsoft.AspNetCore.Mvc.ViewResult.ExecuteResultAsync(ActionContext context)
   at Microsoft.AspNetCore.Mvc.Infrastructure.ResourceInvoker.<InvokeNextResultFilterAsync>g__Awaited|30_0[TFilter,TFilterAsync](ResourceInvoker invoker, Task lastTask, State next, Scope scope, Object state, Boolean isCompleted)
   at Microsoft.AspNetCore.Mvc.Infrastructure.ResourceInvoker.Rethrow(ResultExecutedContextSealed context)
   at Microsoft.AspNetCore.Mvc.Infrastructure.ResourceInvoker.ResultNext[TFilter,TFilterAsync](State& next, Scope& scope, Object& state, Boolean& isCompleted)
   at Microsoft.AspNetCore.Mvc.Infrastructure.ResourceInvoker.InvokeResultFilters()
--- End of stack trace from previous location ---
   at Microsoft.AspNetCore.Mvc.Infrastructure.ResourceInvoker.<InvokeNextResourceFilter>g__Awaited|25_0(ResourceInvoker invoker, Task lastTask, State next, Scope scope, Object state, Boolean isCompleted)
   at Microsoft.AspNetCore.Mvc.Infrastructure.ResourceInvoker.Rethrow(ResourceExecutedContextSealed context)
   at Microsoft.AspNetCore.Mvc.Infrastructure.ResourceInvoker.Next(State& next, Scope& scope, Object& state, Boolean& isCompleted)
   at Microsoft.AspNetCore.Mvc.Infrastructure.ResourceInvoker.InvokeFilterPipelineAsync()
--- End of stack trace from previous location ---
   at Microsoft.AspNetCore.Mvc.Infrastructure.ResourceInvoker.<InvokeAsync>g__Awaited|17_0(ResourceInvoker invoker, Task task, IDisposable scope)
   at Microsoft.AspNetCore.Mvc.Infrastructure.ResourceInvoker.<InvokeAsync>g__Awaited|17_0(ResourceInvoker invoker, Task task, IDisposable scope)
   at Microsoft.AspNetCore.Routing.EndpointMiddleware.<Invoke>g__AwaitRequestTask|6_0(Endpoint endpoint, Task requestTask, ILogger logger)
   at Microsoft.AspNetCore.Authorization.AuthorizationMiddleware.Invoke(HttpContext context)
   at Microsoft.AspNetCore.Authentication.AuthenticationMiddleware.Invoke(HttpContext context)
   at WebEssentials.AspNetCore.OutputCaching.OutputCacheMiddleware.ServeFromMvcAndCacheAsync(HttpContext context)
   at WebEssentials.AspNetCore.OutputCaching.OutputCacheMiddleware.InvokeAsync(HttpContext context)
   at Microsoft.AspNetCore.Session.SessionMiddleware.Invoke(HttpContext context)
   at Microsoft.AspNetCore.Session.SessionMiddleware.Invoke(HttpContext context)
   at Microsoft.AspNetCore.Diagnostics.DeveloperExceptionPageMiddleware.Invoke(HttpContext context)
[2023-10-26 09:48:16.326 +05:30  ERR]  The view 'ValuationFeesDetail' was not found. Searched locations: ["/Views/MasterValuationFee/ValuationFeesDetail.en-US.en-US.cshtml","/Views/MasterValuationFee/ValuationFeesDetail.en.en-US.cshtml","/Views/MasterValuationFee/ValuationFeesDetail.en-US.cshtml","/Views/MasterValuationFee/ValuationFeesDetail.en-US.en.cshtml","/Views/MasterValuationFee/ValuationFeesDetail.en.en.cshtml","/Views/MasterValuationFee/ValuationFeesDetail.en.cshtml","/Views/MasterValuationFee/ValuationFeesDetail.en-US.cshtml","/Views/MasterValuationFee/ValuationFeesDetail.en.cshtml","/Views/MasterValuationFee/ValuationFeesDetail.cshtml","/Views/Shared/ValuationFeesDetail.en-US.en-US.cshtml","/Views/Shared/ValuationFeesDetail.en.en-US.cshtml","/Views/Shared/ValuationFeesDetail.en-US.cshtml","/Views/Shared/ValuationFeesDetail.en-US.en.cshtml","/Views/Shared/ValuationFeesDetail.en.en.cshtml","/Views/Shared/ValuationFeesDetail.en.cshtml","/Views/Shared/ValuationFeesDetail.en-US.cshtml","/Views/Shared/ValuationFeesDetail.en.cshtml","/Views/Shared/ValuationFeesDetail.cshtml","/Pages/Shared/ValuationFeesDetail.en-US.en-US.cshtml","/Pages/Shared/ValuationFeesDetail.en.en-US.cshtml","/Pages/Shared/ValuationFeesDetail.en-US.cshtml","/Pages/Shared/ValuationFeesDetail.en-US.en.cshtml","/Pages/Shared/ValuationFeesDetail.en.en.cshtml","/Pages/Shared/ValuationFeesDetail.en.cshtml","/Pages/Shared/ValuationFeesDetail.en-US.cshtml","/Pages/Shared/ValuationFeesDetail.en.cshtml","/Pages/Shared/ValuationFeesDetail.cshtml"]
[2023-10-26 09:48:16.415 +05:30  ERR]  An unhandled exception has occurred while executing the request.
System.InvalidOperationException: The view 'ValuationFeesDetail' was not found. The following locations were searched:
/Views/MasterValuationFee/ValuationFeesDetail.en-US.en-US.cshtml
/Views/MasterValuationFee/ValuationFeesDetail.en.en-US.cshtml
/Views/MasterValuationFee/ValuationFeesDetail.en-US.cshtml
/Views/MasterValuationFee/ValuationFeesDetail.en-US.en.cshtml
/Views/MasterValuationFee/ValuationFeesDetail.en.en.cshtml
/Views/MasterValuationFee/ValuationFeesDetail.en.cshtml
/Views/MasterValuationFee/ValuationFeesDetail.en-US.cshtml
/Views/MasterValuationFee/ValuationFeesDetail.en.cshtml
/Views/MasterValuationFee/ValuationFeesDetail.cshtml
/Views/Shared/ValuationFeesDetail.en-US.en-US.cshtml
/Views/Shared/ValuationFeesDetail.en.en-US.cshtml
/Views/Shared/ValuationFeesDetail.en-US.cshtml
/Views/Shared/ValuationFeesDetail.en-US.en.cshtml
/Views/Shared/ValuationFeesDetail.en.en.cshtml
/Views/Shared/ValuationFeesDetail.en.cshtml
/Views/Shared/ValuationFeesDetail.en-US.cshtml
/Views/Shared/ValuationFeesDetail.en.cshtml
/Views/Shared/ValuationFeesDetail.cshtml
/Pages/Shared/ValuationFeesDetail.en-US.en-US.cshtml
/Pages/Shared/ValuationFeesDetail.en.en-US.cshtml
/Pages/Shared/ValuationFeesDetail.en-US.cshtml
/Pages/Shared/ValuationFeesDetail.en-US.en.cshtml
/Pages/Shared/ValuationFeesDetail.en.en.cshtml
/Pages/Shared/ValuationFeesDetail.en.cshtml
/Pages/Shared/ValuationFeesDetail.en-US.cshtml
/Pages/Shared/ValuationFeesDetail.en.cshtml
/Pages/Shared/ValuationFeesDetail.cshtml
   at Microsoft.AspNetCore.Mvc.ViewEngines.ViewEngineResult.EnsureSuccessful(IEnumerable`1 originalLocations)
   at Microsoft.AspNetCore.Mvc.ViewFeatures.ViewResultExecutor.ExecuteAsync(ActionContext context, ViewResult result)
   at Microsoft.AspNetCore.Mvc.ViewResult.ExecuteResultAsync(ActionContext context)
   at Microsoft.AspNetCore.Mvc.Infrastructure.ResourceInvoker.<InvokeNextResultFilterAsync>g__Awaited|30_0[TFilter,TFilterAsync](ResourceInvoker invoker, Task lastTask, State next, Scope scope, Object state, Boolean isCompleted)
   at Microsoft.AspNetCore.Mvc.Infrastructure.ResourceInvoker.Rethrow(ResultExecutedContextSealed context)
   at Microsoft.AspNetCore.Mvc.Infrastructure.ResourceInvoker.ResultNext[TFilter,TFilterAsync](State& next, Scope& scope, Object& state, Boolean& isCompleted)
   at Microsoft.AspNetCore.Mvc.Infrastructure.ResourceInvoker.InvokeResultFilters()
--- End of stack trace from previous location ---
   at Microsoft.AspNetCore.Mvc.Infrastructure.ResourceInvoker.<InvokeNextResourceFilter>g__Awaited|25_0(ResourceInvoker invoker, Task lastTask, State next, Scope scope, Object state, Boolean isCompleted)
   at Microsoft.AspNetCore.Mvc.Infrastructure.ResourceInvoker.Rethrow(ResourceExecutedContextSealed context)
   at Microsoft.AspNetCore.Mvc.Infrastructure.ResourceInvoker.Next(State& next, Scope& scope, Object& state, Boolean& isCompleted)
   at Microsoft.AspNetCore.Mvc.Infrastructure.ResourceInvoker.InvokeFilterPipelineAsync()
--- End of stack trace from previous location ---
   at Microsoft.AspNetCore.Mvc.Infrastructure.ResourceInvoker.<InvokeAsync>g__Awaited|17_0(ResourceInvoker invoker, Task task, IDisposable scope)
   at Microsoft.AspNetCore.Mvc.Infrastructure.ResourceInvoker.<InvokeAsync>g__Awaited|17_0(ResourceInvoker invoker, Task task, IDisposable scope)
   at Microsoft.AspNetCore.Routing.EndpointMiddleware.<Invoke>g__AwaitRequestTask|6_0(Endpoint endpoint, Task requestTask, ILogger logger)
   at Microsoft.AspNetCore.Authorization.AuthorizationMiddleware.Invoke(HttpContext context)
   at Microsoft.AspNetCore.Authentication.AuthenticationMiddleware.Invoke(HttpContext context)
   at WebEssentials.AspNetCore.OutputCaching.OutputCacheMiddleware.ServeFromMvcAndCacheAsync(HttpContext context)
   at WebEssentials.AspNetCore.OutputCaching.OutputCacheMiddleware.InvokeAsync(HttpContext context)
   at Microsoft.AspNetCore.Session.SessionMiddleware.Invoke(HttpContext context)
   at Microsoft.AspNetCore.Session.SessionMiddleware.Invoke(HttpContext context)
   at Microsoft.AspNetCore.Diagnostics.DeveloperExceptionPageMiddleware.Invoke(HttpContext context)
